{
  "RSpec": {
    "coverage": {
      "/Users/thomasnieuwenhuis/Desktop/Documents/Turing Docs/mod_2/week1/relational_rails/config/environment.rb": {
        "lines": [
          null,
          1,
          null,
          null,
          1
        ]
      },
      "/Users/thomasnieuwenhuis/Desktop/Documents/Turing Docs/mod_2/week1/relational_rails/config/application.rb": {
        "lines": [
          1,
          null,
          1,
          null,
          1,
          1,
          1,
          1,
          1,
          1,
          1,
          1,
          1,
          null,
          null,
          null,
          null,
          1,
          null,
          1,
          1,
          null,
          1,
          null,
          null,
          null,
          null,
          null,
          null,
          null,
          1,
          null,
          null
        ]
      },
      "/Users/thomasnieuwenhuis/Desktop/Documents/Turing Docs/mod_2/week1/relational_rails/config/boot.rb": {
        "lines": [
          1,
          null,
          1,
          1
        ]
      },
      "/Users/thomasnieuwenhuis/Desktop/Documents/Turing Docs/mod_2/week1/relational_rails/config/environments/test.rb": {
        "lines": [
          1,
          null,
          null,
          null,
          null,
          null,
          null,
          1,
          null,
          null,
          null,
          null,
          1,
          null,
          null,
          1,
          1,
          null,
          null,
          null,
          null,
          1,
          1,
          null,
          null,
          1,
          null,
          null,
          1,
          null,
          null,
          1,
          null,
          1,
          null,
          null,
          null,
          null,
          1,
          null,
          null,
          1,
          null,
          null,
          null,
          null
        ]
      },
      "/Users/thomasnieuwenhuis/Desktop/Documents/Turing Docs/mod_2/week1/relational_rails/config/initializers/application_controller_renderer.rb": {
        "lines": [
          null,
          null,
          null,
          null,
          null,
          null,
          null,
          null
        ]
      },
      "/Users/thomasnieuwenhuis/Desktop/Documents/Turing Docs/mod_2/week1/relational_rails/config/initializers/assets.rb": {
        "lines": [
          null,
          null,
          null,
          1,
          null,
          null,
          null,
          null,
          1,
          null,
          null,
          null,
          null,
          null
        ]
      },
      "/Users/thomasnieuwenhuis/Desktop/Documents/Turing Docs/mod_2/week1/relational_rails/config/initializers/backtrace_silencers.rb": {
        "lines": [
          null,
          null,
          null,
          null,
          null,
          null,
          null
        ]
      },
      "/Users/thomasnieuwenhuis/Desktop/Documents/Turing Docs/mod_2/week1/relational_rails/config/initializers/content_security_policy.rb": {
        "lines": [
          null,
          null,
          null,
          null,
          null,
          null,
          null,
          null,
          null,
          null,
          null,
          null,
          null,
          null,
          null,
          null,
          null,
          null,
          null,
          null,
          null,
          null,
          null,
          null,
          null
        ]
      },
      "/Users/thomasnieuwenhuis/Desktop/Documents/Turing Docs/mod_2/week1/relational_rails/config/initializers/cookies_serializer.rb": {
        "lines": [
          null,
          null,
          null,
          null,
          1
        ]
      },
      "/Users/thomasnieuwenhuis/Desktop/Documents/Turing Docs/mod_2/week1/relational_rails/config/initializers/filter_parameter_logging.rb": {
        "lines": [
          null,
          null,
          null,
          1
        ]
      },
      "/Users/thomasnieuwenhuis/Desktop/Documents/Turing Docs/mod_2/week1/relational_rails/config/initializers/inflections.rb": {
        "lines": [
          null,
          null,
          null,
          null,
          null,
          null,
          null,
          null,
          null,
          null,
          null,
          null,
          null,
          null,
          null,
          null
        ]
      },
      "/Users/thomasnieuwenhuis/Desktop/Documents/Turing Docs/mod_2/week1/relational_rails/config/initializers/mime_types.rb": {
        "lines": [
          null,
          null,
          null,
          null
        ]
      },
      "/Users/thomasnieuwenhuis/Desktop/Documents/Turing Docs/mod_2/week1/relational_rails/config/initializers/wrap_parameters.rb": {
        "lines": [
          null,
          null,
          null,
          null,
          null,
          null,
          1,
          2,
          null,
          null,
          null,
          null,
          null,
          null
        ]
      },
      "/Users/thomasnieuwenhuis/Desktop/Documents/Turing Docs/mod_2/week1/relational_rails/config/routes.rb": {
        "lines": [
          1,
          null,
          null,
          1,
          1,
          1,
          1,
          1,
          1,
          1,
          1,
          1,
          1,
          1,
          1,
          1,
          1,
          1,
          1,
          1,
          1,
          1,
          null,
          1,
          1,
          1,
          1,
          1,
          1,
          1,
          1,
          1,
          1,
          1,
          1,
          1,
          1,
          1,
          null
        ]
      },
      "/Users/thomasnieuwenhuis/Desktop/Documents/Turing Docs/mod_2/week1/relational_rails/app/helpers/application_helper.rb": {
        "lines": [
          1,
          null
        ]
      },
      "/Users/thomasnieuwenhuis/Desktop/Documents/Turing Docs/mod_2/week1/relational_rails/spec/features/athletes/delete_spec.rb": {
        "lines": [
          1,
          null,
          1,
          1,
          1,
          null,
          1,
          null,
          null,
          null,
          null,
          1,
          null,
          null,
          null,
          null,
          null,
          1,
          null,
          1,
          null,
          null,
          null,
          1,
          1,
          1,
          null,
          null,
          null,
          null,
          1,
          null,
          null,
          null,
          null,
          null,
          null,
          1,
          1,
          null,
          1,
          1,
          null,
          null,
          null
        ]
      },
      "/Users/thomasnieuwenhuis/Desktop/Documents/Turing Docs/mod_2/week1/relational_rails/spec/features/athletes/index_link_spec.rb": {
        "lines": [
          1,
          null,
          1,
          1,
          1,
          1,
          null,
          null,
          null,
          null,
          1,
          null,
          null,
          null,
          null,
          null,
          1,
          1,
          1,
          1,
          null,
          1,
          1,
          1,
          1,
          null,
          1,
          1,
          1,
          1,
          null,
          1,
          1,
          1,
          1,
          null,
          1,
          1,
          1,
          1,
          null,
          1,
          1,
          1,
          1,
          null,
          1,
          1,
          1,
          1,
          null,
          1,
          1,
          1,
          1,
          null,
          null,
          null
        ]
      },
      "/Users/thomasnieuwenhuis/Desktop/Documents/Turing Docs/mod_2/week1/relational_rails/spec/features/athletes/index_show_only_true_spec.rb": {
        "lines": [
          1,
          null,
          1,
          1,
          1,
          1,
          null,
          null,
          null,
          null,
          1,
          null,
          null,
          null,
          1,
          null,
          null,
          null,
          1,
          null,
          1,
          1,
          1,
          1,
          1,
          1,
          null,
          null,
          null
        ]
      },
      "/Users/thomasnieuwenhuis/Desktop/Documents/Turing Docs/mod_2/week1/relational_rails/spec/features/athletes/index_spec.rb": {
        "lines": [
          1,
          null,
          1,
          1,
          1,
          1,
          null,
          null,
          null,
          null,
          1,
          null,
          null,
          null,
          null,
          1,
          null,
          null,
          null,
          1,
          null,
          null,
          null,
          1,
          null,
          1,
          1,
          1,
          1,
          1,
          1,
          null,
          null,
          null
        ]
      },
      "/Users/thomasnieuwenhuis/Desktop/Documents/Turing Docs/mod_2/week1/relational_rails/spec/features/athletes/show_spec.rb": {
        "lines": [
          1,
          null,
          1,
          1,
          1,
          1,
          null,
          null,
          null,
          null,
          1,
          null,
          null,
          null,
          null,
          1,
          null,
          null,
          null,
          null,
          1,
          null,
          null,
          null,
          null,
          null,
          1,
          null,
          1,
          1,
          1,
          null,
          1,
          null,
          1,
          1,
          1,
          null,
          null,
          null
        ]
      },
      "/Users/thomasnieuwenhuis/Desktop/Documents/Turing Docs/mod_2/week1/relational_rails/spec/features/athletes/update_spec.rb": {
        "lines": [
          1,
          null,
          1,
          1,
          1,
          null,
          1,
          null,
          null,
          null,
          null,
          null,
          1,
          null,
          null,
          null,
          null,
          1,
          null,
          1,
          null,
          null,
          null,
          1,
          1,
          1,
          null,
          null,
          null,
          null,
          1,
          null,
          null,
          null,
          null,
          null,
          1,
          1,
          null,
          1,
          null,
          null,
          null,
          1,
          1,
          1,
          null,
          null,
          null,
          null,
          1,
          null,
          null,
          null,
          null,
          null,
          null,
          1,
          1,
          1,
          1,
          1,
          1,
          null,
          null,
          null,
          1,
          1,
          1,
          null,
          null,
          null,
          null,
          1,
          null,
          null,
          null,
          null,
          null,
          1,
          1,
          1,
          1,
          1,
          null,
          1,
          1,
          1,
          1,
          null,
          null,
          null
        ]
      },
      "/Users/thomasnieuwenhuis/Desktop/Documents/Turing Docs/mod_2/week1/relational_rails/spec/features/home/index_spec.rb": {
        "lines": [
          1,
          null,
          1,
          1,
          null,
          1,
          null,
          1,
          1,
          1,
          1,
          1,
          null,
          null
        ]
      },
      "/Users/thomasnieuwenhuis/Desktop/Documents/Turing Docs/mod_2/week1/relational_rails/spec/features/resorts/index_spec.rb": {
        "lines": [
          1,
          null,
          1,
          1,
          1,
          0,
          null,
          0,
          null,
          0,
          0,
          0,
          null,
          0,
          0,
          null,
          null
        ]
      },
      "/Users/thomasnieuwenhuis/Desktop/Documents/Turing Docs/mod_2/week1/relational_rails/spec/features/resorts/show_spec.rb": {
        "lines": [

        ]
      },
      "/Users/thomasnieuwenhuis/Desktop/Documents/Turing Docs/mod_2/week1/relational_rails/spec/features/teams/create_spec.rb": {
        "lines": [
          1,
          null,
          1,
          1,
          1,
          null,
          1,
          null,
          1,
          null,
          null,
          null,
          1,
          1,
          1,
          1,
          1,
          null,
          null,
          1,
          1,
          1,
          1,
          1,
          1,
          1,
          1,
          1,
          null,
          null,
          null,
          1,
          1,
          1,
          1,
          1,
          1,
          1,
          1,
          1,
          1,
          null,
          null,
          null
        ]
      },
      "/Users/thomasnieuwenhuis/Desktop/Documents/Turing Docs/mod_2/week1/relational_rails/spec/features/teams/delete_spec.rb": {
        "lines": [
          1,
          null,
          1,
          1,
          1,
          null,
          1,
          null,
          null,
          null,
          null,
          1,
          null,
          1,
          null,
          null,
          null,
          1,
          1,
          1,
          null,
          null,
          null,
          null,
          1,
          null,
          null,
          null,
          1,
          null,
          null,
          null,
          null,
          1,
          1,
          null,
          1,
          1,
          null,
          1,
          1,
          1,
          null,
          null,
          null
        ]
      },
      "/Users/thomasnieuwenhuis/Desktop/Documents/Turing Docs/mod_2/week1/relational_rails/spec/features/teams/find_athletes_by_age_spec.rb": {
        "lines": [
          1,
          null,
          1,
          1,
          1,
          1,
          null,
          null,
          null,
          null,
          null,
          1,
          null,
          1,
          null,
          null,
          null,
          1,
          1,
          1,
          null,
          null,
          null,
          null,
          1,
          null,
          null,
          null,
          1,
          null,
          null,
          null,
          1,
          null,
          null,
          null,
          null,
          1,
          1,
          1,
          1,
          1,
          1,
          null,
          null,
          null
        ]
      },
      "/Users/thomasnieuwenhuis/Desktop/Documents/Turing Docs/mod_2/week1/relational_rails/spec/features/teams/index_link_spec.rb": {
        "lines": [
          1,
          null,
          1,
          1,
          1,
          1,
          null,
          null,
          null,
          null,
          1,
          null,
          null,
          null,
          null,
          null,
          1,
          1,
          1,
          1,
          null,
          1,
          1,
          1,
          1,
          null,
          1,
          1,
          1,
          1,
          null,
          1,
          1,
          1,
          1,
          null,
          1,
          1,
          1,
          1,
          null,
          1,
          1,
          1,
          1,
          null,
          1,
          1,
          1,
          1,
          null,
          1,
          1,
          1,
          1,
          null,
          1,
          1,
          1,
          1,
          null,
          null,
          null
        ]
      },
      "/Users/thomasnieuwenhuis/Desktop/Documents/Turing Docs/mod_2/week1/relational_rails/spec/features/teams/index_sorted_created_at_spec.rb": {
        "lines": [
          1,
          null,
          1,
          1,
          1,
          null,
          null,
          null,
          null,
          1,
          null,
          null,
          null,
          null,
          1,
          null,
          1,
          null,
          null
        ]
      },
      "/Users/thomasnieuwenhuis/Desktop/Documents/Turing Docs/mod_2/week1/relational_rails/spec/features/teams/index_spec.rb": {
        "lines": [
          1,
          null,
          1,
          1,
          1,
          null,
          null,
          null,
          1,
          null,
          null,
          null,
          1,
          null,
          1,
          1,
          null,
          null
        ]
      },
      "/Users/thomasnieuwenhuis/Desktop/Documents/Turing Docs/mod_2/week1/relational_rails/spec/features/teams/link_to_athletes_from_team_show_page_spec.rb": {
        "lines": [
          1,
          null,
          1,
          1,
          1,
          1,
          null,
          null,
          null,
          null,
          1,
          null,
          null,
          null,
          1,
          null,
          null,
          null,
          1,
          1,
          null,
          1,
          1,
          null,
          null,
          null
        ]
      },
      "/Users/thomasnieuwenhuis/Desktop/Documents/Turing Docs/mod_2/week1/relational_rails/spec/features/teams/show_count_athletes_spec.rb": {
        "lines": [
          1,
          null,
          1,
          1,
          1,
          1,
          null,
          null,
          null,
          null,
          1,
          null,
          null,
          null,
          1,
          null,
          null,
          null,
          1,
          null,
          1,
          null,
          null,
          null
        ]
      },
      "/Users/thomasnieuwenhuis/Desktop/Documents/Turing Docs/mod_2/week1/relational_rails/spec/features/teams/show_spec.rb": {
        "lines": [
          1,
          null,
          1,
          1,
          1,
          null,
          null,
          null,
          null,
          1,
          null,
          null,
          null,
          null,
          1,
          null,
          1,
          1,
          1,
          1,
          null,
          1,
          null,
          1,
          1,
          1,
          1,
          null,
          null,
          null
        ]
      },
      "/Users/thomasnieuwenhuis/Desktop/Documents/Turing Docs/mod_2/week1/relational_rails/spec/features/teams/shows_children_spec.rb": {
        "lines": [
          1,
          null,
          1,
          1,
          1,
          1,
          null,
          null,
          null,
          null,
          1,
          null,
          null,
          null,
          null,
          1,
          null,
          null,
          null,
          1,
          null,
          null,
          null,
          1,
          null,
          null,
          null,
          1,
          null,
          null,
          null,
          null,
          1,
          null,
          1,
          1,
          1,
          1,
          1,
          1,
          null,
          1,
          null,
          1,
          1,
          1,
          1,
          1,
          1,
          null,
          null,
          null
        ]
      },
      "/Users/thomasnieuwenhuis/Desktop/Documents/Turing Docs/mod_2/week1/relational_rails/spec/features/teams/update_spec.rb": {
        "lines": [
          1,
          null,
          1,
          1,
          1,
          null,
          1,
          null,
          null,
          null,
          null,
          1,
          null,
          1,
          null,
          null,
          null,
          1,
          1,
          1,
          null,
          null,
          null,
          null,
          null,
          1,
          1,
          null,
          1,
          null,
          null,
          null,
          1,
          1,
          1,
          null,
          null,
          null,
          null,
          null,
          1,
          1,
          1,
          1,
          1,
          1,
          1,
          null,
          null,
          null,
          1,
          1,
          1,
          null,
          null,
          null,
          null,
          null,
          1,
          1,
          1,
          1,
          1,
          1,
          null,
          1,
          1,
          1,
          1,
          1,
          null,
          null,
          null
        ]
      },
      "/Users/thomasnieuwenhuis/Desktop/Documents/Turing Docs/mod_2/week1/relational_rails/spec/models/athlete_spec.rb": {
        "lines": [
          1,
          null,
          1,
          1,
          2,
          null,
          null
        ]
      },
      "/Users/thomasnieuwenhuis/Desktop/Documents/Turing Docs/mod_2/week1/relational_rails/app/models/athlete.rb": {
        "lines": [
          1,
          1,
          null
        ]
      },
      "/Users/thomasnieuwenhuis/Desktop/Documents/Turing Docs/mod_2/week1/relational_rails/app/models/application_record.rb": {
        "lines": [
          1,
          1,
          null
        ]
      },
      "/Users/thomasnieuwenhuis/Desktop/Documents/Turing Docs/mod_2/week1/relational_rails/spec/models/team_spec.rb": {
        "lines": [
          1,
          null,
          1,
          1,
          2,
          null,
          null,
          1,
          1,
          1,
          1,
          1,
          1,
          null,
          1,
          null,
          null,
          null,
          null
        ]
      },
      "/Users/thomasnieuwenhuis/Desktop/Documents/Turing Docs/mod_2/week1/relational_rails/app/models/team.rb": {
        "lines": [
          1,
          1,
          1,
          null,
          1,
          2,
          null,
          null
        ]
      },
      "/Users/thomasnieuwenhuis/Desktop/Documents/Turing Docs/mod_2/week1/relational_rails/app/controllers/team_controller.rb": {
        "lines": [
          1,
          null,
          1,
          17,
          null,
          null,
          1,
          null,
          null,
          1,
          1,
          null,
          null,
          null,
          null,
          null,
          1,
          1,
          null,
          null,
          1,
          11,
          null,
          null,
          1,
          5,
          null,
          null,
          1,
          1,
          1,
          null,
          null,
          null,
          null,
          null,
          1,
          1,
          null,
          null,
          1,
          1,
          1,
          null,
          null,
          1,
          12,
          12,
          1,
          null,
          11,
          null,
          null,
          null,
          null
        ]
      },
      "/Users/thomasnieuwenhuis/Desktop/Documents/Turing Docs/mod_2/week1/relational_rails/app/controllers/application_controller.rb": {
        "lines": [
          1,
          null
        ]
      },
      "/Users/thomasnieuwenhuis/Desktop/Documents/Turing Docs/mod_2/week1/relational_rails/app/controllers/athlete_controller.rb": {
        "lines": [
          1,
          1,
          13,
          13,
          null,
          null,
          1,
          10,
          null,
          null,
          1,
          4,
          null,
          null,
          1,
          1,
          1,
          null,
          null,
          null,
          null,
          null,
          1,
          null,
          1,
          null,
          null,
          1,
          5,
          null,
          null,
          1,
          1,
          1,
          null,
          null,
          null,
          null,
          1,
          1,
          null,
          null,
          1,
          1,
          1,
          null,
          null,
          null
        ]
      },
      "/Users/thomasnieuwenhuis/Desktop/Documents/Turing Docs/mod_2/week1/relational_rails/app/controllers/home_controller.rb": {
        "lines": [
          1,
          1,
          null,
          null,
          null
        ]
      },
      "/Users/thomasnieuwenhuis/Desktop/Documents/Turing Docs/mod_2/week1/relational_rails/app/models/resort.rb": {
        "lines": [
          1,
          1,
          null
        ]
      }
    },
    "timestamp": 1613013666
  }
}
