{
  "RSpec": {
    "coverage": {
      "/Users/thomasnieuwenhuis/Desktop/Documents/Turing Docs/mod_2/week1/relational_rails/config/environment.rb": {
        "lines": [
          null,
          1,
          null,
          null,
          1
        ]
      },
      "/Users/thomasnieuwenhuis/Desktop/Documents/Turing Docs/mod_2/week1/relational_rails/config/application.rb": {
        "lines": [
          1,
          null,
          1,
          null,
          1,
          1,
          1,
          1,
          1,
          1,
          1,
          1,
          1,
          null,
          null,
          null,
          null,
          1,
          null,
          1,
          1,
          null,
          1,
          null,
          null,
          null,
          null,
          null,
          null,
          null,
          1,
          null,
          null
        ]
      },
      "/Users/thomasnieuwenhuis/Desktop/Documents/Turing Docs/mod_2/week1/relational_rails/config/boot.rb": {
        "lines": [
          1,
          null,
          1,
          1
        ]
      },
      "/Users/thomasnieuwenhuis/Desktop/Documents/Turing Docs/mod_2/week1/relational_rails/config/environments/test.rb": {
        "lines": [
          1,
          null,
          null,
          null,
          null,
          null,
          null,
          1,
          null,
          null,
          null,
          null,
          1,
          null,
          null,
          1,
          1,
          null,
          null,
          null,
          null,
          1,
          1,
          null,
          null,
          1,
          null,
          null,
          1,
          null,
          null,
          1,
          null,
          1,
          null,
          null,
          null,
          null,
          1,
          null,
          null,
          1,
          null,
          null,
          null,
          null
        ]
      },
      "/Users/thomasnieuwenhuis/Desktop/Documents/Turing Docs/mod_2/week1/relational_rails/config/initializers/application_controller_renderer.rb": {
        "lines": [
          null,
          null,
          null,
          null,
          null,
          null,
          null,
          null
        ]
      },
      "/Users/thomasnieuwenhuis/Desktop/Documents/Turing Docs/mod_2/week1/relational_rails/config/initializers/assets.rb": {
        "lines": [
          null,
          null,
          null,
          1,
          null,
          null,
          null,
          null,
          1,
          null,
          null,
          null,
          null,
          null
        ]
      },
      "/Users/thomasnieuwenhuis/Desktop/Documents/Turing Docs/mod_2/week1/relational_rails/config/initializers/backtrace_silencers.rb": {
        "lines": [
          null,
          null,
          null,
          null,
          null,
          null,
          null
        ]
      },
      "/Users/thomasnieuwenhuis/Desktop/Documents/Turing Docs/mod_2/week1/relational_rails/config/initializers/content_security_policy.rb": {
        "lines": [
          null,
          null,
          null,
          null,
          null,
          null,
          null,
          null,
          null,
          null,
          null,
          null,
          null,
          null,
          null,
          null,
          null,
          null,
          null,
          null,
          null,
          null,
          null,
          null,
          null
        ]
      },
      "/Users/thomasnieuwenhuis/Desktop/Documents/Turing Docs/mod_2/week1/relational_rails/config/initializers/cookies_serializer.rb": {
        "lines": [
          null,
          null,
          null,
          null,
          1
        ]
      },
      "/Users/thomasnieuwenhuis/Desktop/Documents/Turing Docs/mod_2/week1/relational_rails/config/initializers/filter_parameter_logging.rb": {
        "lines": [
          null,
          null,
          null,
          1
        ]
      },
      "/Users/thomasnieuwenhuis/Desktop/Documents/Turing Docs/mod_2/week1/relational_rails/config/initializers/inflections.rb": {
        "lines": [
          null,
          null,
          null,
          null,
          null,
          null,
          null,
          null,
          null,
          null,
          null,
          null,
          null,
          null,
          null,
          null
        ]
      },
      "/Users/thomasnieuwenhuis/Desktop/Documents/Turing Docs/mod_2/week1/relational_rails/config/initializers/mime_types.rb": {
        "lines": [
          null,
          null,
          null,
          null
        ]
      },
      "/Users/thomasnieuwenhuis/Desktop/Documents/Turing Docs/mod_2/week1/relational_rails/config/initializers/wrap_parameters.rb": {
        "lines": [
          null,
          null,
          null,
          null,
          null,
          null,
          1,
          2,
          null,
          null,
          null,
          null,
          null,
          null
        ]
      },
      "/Users/thomasnieuwenhuis/Desktop/Documents/Turing Docs/mod_2/week1/relational_rails/config/routes.rb": {
        "lines": [
          1,
          null,
          null,
          1,
          1,
          1,
          1,
          1,
          1,
          1,
          1,
          1,
          1,
          1,
          1,
          1,
          1,
          1,
          1,
          1,
          1,
          1,
          null,
          1,
          1,
          1,
          1,
          1,
          1,
          1,
          1,
          1,
          1,
          1,
          1,
          1,
          1,
          1,
          null
        ]
      },
      "/Users/thomasnieuwenhuis/Desktop/Documents/Turing Docs/mod_2/week1/relational_rails/app/helpers/application_helper.rb": {
        "lines": [
          1,
          null
        ]
      },
      "/Users/thomasnieuwenhuis/Desktop/Documents/Turing Docs/mod_2/week1/relational_rails/app/models/team.rb": {
        "lines": [
          1,
          1,
          1,
          null
        ]
      },
      "/Users/thomasnieuwenhuis/Desktop/Documents/Turing Docs/mod_2/week1/relational_rails/app/models/application_record.rb": {
        "lines": [
          1,
          1,
          null
        ]
      },
      "/Users/thomasnieuwenhuis/Desktop/Documents/Turing Docs/mod_2/week1/relational_rails/app/models/athlete.rb": {
        "lines": [
          1,
          1,
          null
        ]
      },
      "/Users/thomasnieuwenhuis/Desktop/Documents/Turing Docs/mod_2/week1/relational_rails/app/controllers/athlete_controller.rb": {
        "lines": [
          1,
          1,
          1,
          1,
          null,
          null,
          1,
          2,
          null,
          null,
          1,
          1,
          null,
          null,
          1,
          0,
          0,
          null,
          null,
          null,
          null,
          null,
          0,
          null,
          0,
          null,
          null,
          1,
          1,
          null,
          null,
          1,
          0,
          0,
          null,
          null,
          null,
          null,
          0,
          0,
          null,
          null,
          1,
          0,
          0,
          null,
          null,
          null
        ]
      },
      "/Users/thomasnieuwenhuis/Desktop/Documents/Turing Docs/mod_2/week1/relational_rails/app/controllers/application_controller.rb": {
        "lines": [
          1,
          null
        ]
      },
      "/Users/thomasnieuwenhuis/Desktop/Documents/Turing Docs/mod_2/week1/relational_rails/app/controllers/team_controller.rb": {
        "lines": [
          1,
          null,
          1,
          9,
          null,
          null,
          1,
          null,
          null,
          1,
          0,
          null,
          null,
          null,
          null,
          null,
          0,
          0,
          null,
          null,
          1,
          1,
          null,
          null,
          1,
          1,
          null,
          null,
          1,
          0,
          0,
          null,
          null,
          null,
          null,
          null,
          0,
          0,
          null,
          null,
          1,
          0,
          0,
          null,
          null,
          1,
          1,
          1,
          null,
          null,
          null,
          null
        ]
      }
    },
    "timestamp": 1612971110
  }
}
